<?xml version="1.0" encoding="UTF-8"?>
<!-- Generated by org.testng.reporters.JUnitReportReporter -->
<testsuite hostname="Lenovo-PC" name="TestNG_101.Basic_calculator" tests="3" failures="0" timestamp="27 Mar 2016 10:56:23 GMT" time="0.016" errors="0">
  <testcase name="mul" time="0.000" classname="TestNG_101.Basic_calculator"/>
  <testcase name="addition" time="0.016" classname="TestNG_101.Basic_calculator"/>
  <testcase name="sub" time="0.000" classname="TestNG_101.Basic_calculator"/>
</testsuite> <!-- TestNG_101.Basic_calculator -->
