<?xml version="1.0" encoding="UTF-8"?>
<!-- Generated by org.testng.reporters.JUnitReportReporter -->
<testsuite hostname="Lenovo-PC" name="prog105.search" tests="1" failures="0" timestamp="3 Apr 2016 11:10:54 GMT" time="10.555" errors="0">
  <testcase name="scenario" time="10.555" classname="prog105.search"/>
</testsuite> <!-- prog105.search -->
