<?xml version="1.0" encoding="UTF-8"?>
<!-- Generated by org.testng.reporters.JUnitReportReporter -->
<testsuite hostname="Lenovo-PC" name="dataprovider_102.calc" tests="2" failures="0" timestamp="3 Apr 2016 10:06:47 GMT" time="0.007" errors="0">
  <testcase name="addition" time="0.000" classname="dataprovider_102.calc"/>
  <testcase name="mul" time="0.007" classname="dataprovider_102.calc"/>
</testsuite> <!-- dataprovider_102.calc -->
